d:\visual studio\vscode\提瓦特幸存者\build\asd-windows.dir\debug\vc143.pdb
d:\visual studio\vscode\提瓦特幸存者\build\asd-windows.dir\debug\enemy.obj
d:\visual studio\vscode\提瓦特幸存者\build\asd-windows.dir\debug\player.obj
d:\visual studio\vscode\提瓦特幸存者\build\asd-windows.dir\debug\animation.obj
d:\visual studio\vscode\提瓦特幸存者\build\asd-windows.dir\debug\resourcesmanager.obj
d:\visual studio\vscode\提瓦特幸存者\build\asd-windows.dir\debug\button.obj
d:\visual studio\vscode\提瓦特幸存者\build\asd-windows.dir\debug\scenegame.obj
d:\visual studio\vscode\提瓦特幸存者\build\asd-windows.dir\debug\scenemenu.obj
d:\visual studio\vscode\提瓦特幸存者\build\asd-windows.dir\debug\game.obj
d:\visual studio\vscode\提瓦特幸存者\build\asd-windows.dir\debug\main.obj
d:\visual studio\vscode\提瓦特幸存者\build\cmakefiles\generate.stamp
d:\visual studio\vscode\提瓦特幸存者\asd-windows.exe
d:\visual studio\vscode\提瓦特幸存者\asd-windows.pdb
d:\visual studio\vscode\提瓦特幸存者\build\asd-windows.dir\debug\asd-windows.ilk
d:\visual studio\vscode\teyvat survivor\build\asd-windows.dir\debug\animation.obj
d:\visual studio\vscode\teyvat survivor\build\asd-windows.dir\debug\button.obj
d:\visual studio\vscode\teyvat survivor\build\asd-windows.dir\debug\enemy.obj
d:\visual studio\vscode\teyvat survivor\build\asd-windows.dir\debug\game.obj
d:\visual studio\vscode\teyvat survivor\build\asd-windows.dir\debug\main.obj
d:\visual studio\vscode\teyvat survivor\build\asd-windows.dir\debug\player.obj
d:\visual studio\vscode\teyvat survivor\build\asd-windows.dir\debug\resourcesmanager.obj
d:\visual studio\vscode\teyvat survivor\build\asd-windows.dir\debug\scenegame.obj
d:\visual studio\vscode\teyvat survivor\build\asd-windows.dir\debug\scenemenu.obj
d:\visual studio\vscode\teyvat survivor\build\asd-windows.dir\debug\asd-windows.ilk
d:\visual studio\vscode\teyvat survivor\build\asd-windows.dir\debug\vc143.pdb
d:\visual studio\vscode\teyvat survivor\build\asd-windows.dir\debug\asd-windows.tlog\cl.command.1.tlog
d:\visual studio\vscode\teyvat survivor\build\asd-windows.dir\debug\asd-windows.tlog\cl.items.tlog
d:\visual studio\vscode\teyvat survivor\build\asd-windows.dir\debug\asd-windows.tlog\cl.read.1.tlog
d:\visual studio\vscode\teyvat survivor\build\asd-windows.dir\debug\asd-windows.tlog\cl.write.1.tlog
d:\visual studio\vscode\teyvat survivor\build\asd-windows.dir\debug\asd-windows.tlog\custombuild.command.1.tlog
d:\visual studio\vscode\teyvat survivor\build\asd-windows.dir\debug\asd-windows.tlog\custombuild.read.1.tlog
d:\visual studio\vscode\teyvat survivor\build\asd-windows.dir\debug\asd-windows.tlog\custombuild.write.1.tlog
d:\visual studio\vscode\teyvat survivor\build\asd-windows.dir\debug\asd-windows.tlog\link.command.1.tlog
d:\visual studio\vscode\teyvat survivor\build\asd-windows.dir\debug\asd-windows.tlog\link.read.1.tlog
d:\visual studio\vscode\teyvat survivor\build\asd-windows.dir\debug\asd-windows.tlog\link.secondary.1.tlog
d:\visual studio\vscode\teyvat survivor\build\asd-windows.dir\debug\asd-windows.tlog\link.write.1.tlog
