d:\visual studio\vscode\提瓦特幸存者\build\asd-windows.dir\release\enemy.obj
d:\visual studio\vscode\提瓦特幸存者\build\asd-windows.dir\release\player.obj
d:\visual studio\vscode\提瓦特幸存者\build\asd-windows.dir\release\animation.obj
d:\visual studio\vscode\提瓦特幸存者\build\asd-windows.dir\release\resourcesmanager.obj
d:\visual studio\vscode\提瓦特幸存者\build\asd-windows.dir\release\button.obj
d:\visual studio\vscode\提瓦特幸存者\build\asd-windows.dir\release\scenegame.obj
d:\visual studio\vscode\提瓦特幸存者\build\asd-windows.dir\release\scenemenu.obj
d:\visual studio\vscode\提瓦特幸存者\build\asd-windows.dir\release\game.obj
d:\visual studio\vscode\提瓦特幸存者\build\asd-windows.dir\release\main.obj
d:\visual studio\vscode\提瓦特幸存者\build\cmakefiles\generate.stamp
d:\visual studio\vscode\提瓦特幸存者\asd-windows.exe
d:\visual studio\vscode\提瓦特幸存者\build\asd-windows.dir\release\asd-windows.tlog\cl.command.1.tlog
d:\visual studio\vscode\提瓦特幸存者\build\asd-windows.dir\release\asd-windows.tlog\cl.items.tlog
d:\visual studio\vscode\提瓦特幸存者\build\asd-windows.dir\release\asd-windows.tlog\cl.read.1.tlog
d:\visual studio\vscode\提瓦特幸存者\build\asd-windows.dir\release\asd-windows.tlog\cl.write.1.tlog
d:\visual studio\vscode\提瓦特幸存者\build\asd-windows.dir\release\asd-windows.tlog\custombuild.command.1.tlog
d:\visual studio\vscode\提瓦特幸存者\build\asd-windows.dir\release\asd-windows.tlog\custombuild.read.1.tlog
d:\visual studio\vscode\提瓦特幸存者\build\asd-windows.dir\release\asd-windows.tlog\custombuild.write.1.tlog
d:\visual studio\vscode\提瓦特幸存者\build\asd-windows.dir\release\asd-windows.tlog\link.command.1.tlog
d:\visual studio\vscode\提瓦特幸存者\build\asd-windows.dir\release\asd-windows.tlog\link.read.1.tlog
d:\visual studio\vscode\提瓦特幸存者\build\asd-windows.dir\release\asd-windows.tlog\link.secondary.1.tlog
d:\visual studio\vscode\提瓦特幸存者\build\asd-windows.dir\release\asd-windows.tlog\link.write.1.tlog
