d:\visual studio\vscode\teyvat survivor\build\asd-windows.dir\minsizerel\enemy.obj
d:\visual studio\vscode\teyvat survivor\build\asd-windows.dir\minsizerel\player.obj
d:\visual studio\vscode\teyvat survivor\build\asd-windows.dir\minsizerel\animation.obj
d:\visual studio\vscode\teyvat survivor\build\asd-windows.dir\minsizerel\resourcesmanager.obj
d:\visual studio\vscode\teyvat survivor\build\asd-windows.dir\minsizerel\button.obj
d:\visual studio\vscode\teyvat survivor\build\asd-windows.dir\minsizerel\scenegame.obj
d:\visual studio\vscode\teyvat survivor\build\asd-windows.dir\minsizerel\scenemenu.obj
d:\visual studio\vscode\teyvat survivor\build\asd-windows.dir\minsizerel\game.obj
d:\visual studio\vscode\teyvat survivor\build\asd-windows.dir\minsizerel\main.obj
d:\visual studio\vscode\teyvat survivor\build\cmakefiles\generate.stamp
d:\visual studio\vscode\teyvat survivor\build\minsizerel\asd-windows.exe
d:\visual studio\vscode\teyvat survivor\build\asd-windows.dir\minsizerel\asd-windows.tlog\cl.command.1.tlog
d:\visual studio\vscode\teyvat survivor\build\asd-windows.dir\minsizerel\asd-windows.tlog\cl.items.tlog
d:\visual studio\vscode\teyvat survivor\build\asd-windows.dir\minsizerel\asd-windows.tlog\cl.read.1.tlog
d:\visual studio\vscode\teyvat survivor\build\asd-windows.dir\minsizerel\asd-windows.tlog\cl.write.1.tlog
d:\visual studio\vscode\teyvat survivor\build\asd-windows.dir\minsizerel\asd-windows.tlog\custombuild.command.1.tlog
d:\visual studio\vscode\teyvat survivor\build\asd-windows.dir\minsizerel\asd-windows.tlog\custombuild.read.1.tlog
d:\visual studio\vscode\teyvat survivor\build\asd-windows.dir\minsizerel\asd-windows.tlog\custombuild.write.1.tlog
d:\visual studio\vscode\teyvat survivor\build\asd-windows.dir\minsizerel\asd-windows.tlog\link.command.1.tlog
d:\visual studio\vscode\teyvat survivor\build\asd-windows.dir\minsizerel\asd-windows.tlog\link.read.1.tlog
d:\visual studio\vscode\teyvat survivor\build\asd-windows.dir\minsizerel\asd-windows.tlog\link.secondary.1.tlog
d:\visual studio\vscode\teyvat survivor\build\asd-windows.dir\minsizerel\asd-windows.tlog\link.write.1.tlog
