d:\visual studio\vscode\提瓦特幸存者\build\asd-windows.dir\relwithdebinfo\vc143.pdb
d:\visual studio\vscode\提瓦特幸存者\build\asd-windows.dir\relwithdebinfo\resourcesmanager.obj
d:\visual studio\vscode\提瓦特幸存者\build\asd-windows.dir\relwithdebinfo\button.obj
d:\visual studio\vscode\提瓦特幸存者\build\asd-windows.dir\relwithdebinfo\scenegame.obj
d:\visual studio\vscode\提瓦特幸存者\build\asd-windows.dir\relwithdebinfo\scenemenu.obj
d:\visual studio\vscode\提瓦特幸存者\build\asd-windows.dir\relwithdebinfo\game.obj
d:\visual studio\vscode\提瓦特幸存者\build\asd-windows.dir\relwithdebinfo\main.obj
d:\visual studio\vscode\提瓦特幸存者\build\asd-windows.dir\relwithdebinfo\enemy.obj
d:\visual studio\vscode\提瓦特幸存者\build\asd-windows.dir\relwithdebinfo\player.obj
d:\visual studio\vscode\提瓦特幸存者\build\asd-windows.dir\relwithdebinfo\animation.obj
d:\visual studio\vscode\提瓦特幸存者\build\cmakefiles\generate.stamp
d:\visual studio\vscode\提瓦特幸存者\build\relwithdebinfo\asd-windows.exe
d:\visual studio\vscode\提瓦特幸存者\build\relwithdebinfo\asd-windows.pdb
d:\visual studio\vscode\提瓦特幸存者\build\asd-windows.dir\relwithdebinfo\asd-windows.ilk
d:\visual studio\vscode\提瓦特幸存者\build\asd-windows.dir\relwithdebinfo\asd-windows.tlog\cl.command.1.tlog
d:\visual studio\vscode\提瓦特幸存者\build\asd-windows.dir\relwithdebinfo\asd-windows.tlog\cl.items.tlog
d:\visual studio\vscode\提瓦特幸存者\build\asd-windows.dir\relwithdebinfo\asd-windows.tlog\cl.read.1.tlog
d:\visual studio\vscode\提瓦特幸存者\build\asd-windows.dir\relwithdebinfo\asd-windows.tlog\cl.write.1.tlog
d:\visual studio\vscode\提瓦特幸存者\build\asd-windows.dir\relwithdebinfo\asd-windows.tlog\custombuild.command.1.tlog
d:\visual studio\vscode\提瓦特幸存者\build\asd-windows.dir\relwithdebinfo\asd-windows.tlog\custombuild.read.1.tlog
d:\visual studio\vscode\提瓦特幸存者\build\asd-windows.dir\relwithdebinfo\asd-windows.tlog\custombuild.write.1.tlog
d:\visual studio\vscode\提瓦特幸存者\build\asd-windows.dir\relwithdebinfo\asd-windows.tlog\link.command.1.tlog
d:\visual studio\vscode\提瓦特幸存者\build\asd-windows.dir\relwithdebinfo\asd-windows.tlog\link.read.1.tlog
d:\visual studio\vscode\提瓦特幸存者\build\asd-windows.dir\relwithdebinfo\asd-windows.tlog\link.secondary.1.tlog
d:\visual studio\vscode\提瓦特幸存者\build\asd-windows.dir\relwithdebinfo\asd-windows.tlog\link.write.1.tlog
